C51 COMPILER V9.54   MAIN                                                                  11/22/2023 21:51:40 PAGE 1   


C51 COMPILER V9.54, COMPILATION OF MODULE MAIN
OBJECT MODULE PLACED IN .\Objects\main.obj
COMPILER INVOKED BY: D:\keil\C51\BIN\C51.EXE main.c OPTIMIZE(8,SPEED) BROWSE DEBUG OBJECTEXTEND PRINT(.\Listings\main.ls
                    -t) TABS(2) OBJECT(.\Objects\main.obj)

line level    source

   1          #include <REGX52.H>
   2          #include "delay.h"
   3          #include "lcd1602.h"
   4          
   5          void main()
   6          {
   7   1        LCD_Init();
   8   1        while(1)
   9   1        {
  10   2          if(P3_1==1)
  11   2          {
  12   3          Delay(20);
  13   3          while(P3_1==1);
  14   3          Delay(20);
  15   3          LCD_ShowString(1,1,"SYH");  
  16   3          } 
  17   2          if(P3_0==1)
  18   2          {
  19   3          Delay(20);
  20   3          while(P3_0==1);
  21   3          Delay(20);
  22   3          LCD_ShowNum(2,1,23020,5);
  23   3          LCD_ShowNum(2,6,5029,4);
  24   3          }
  25   2          if(P3_2==1)
  26   2          {
  27   3          Delay(20);
  28   3          while(P3_2==1);
  29   3          Delay(20);
  30   3          LCD_Init();
  31   3          } 
  32   2        }
  33   1      }


MODULE INFORMATION:   STATIC OVERLAYABLE
   CODE SIZE        =    109    ----
   CONSTANT SIZE    =      4    ----
   XDATA SIZE       =   ----    ----
   PDATA SIZE       =   ----    ----
   DATA SIZE        =   ----    ----
   IDATA SIZE       =   ----    ----
   BIT SIZE         =   ----    ----
END OF MODULE INFORMATION.


C51 COMPILATION COMPLETE.  0 WARNING(S),  0 ERROR(S)
