C51 COMPILER V9.54   MAIN                                                                  11/21/2023 18:23:23 PAGE 1   


C51 COMPILER V9.54, COMPILATION OF MODULE MAIN
OBJECT MODULE PLACED IN .\Objects\main.obj
COMPILER INVOKED BY: D:\keil\C51\BIN\C51.EXE main.c OPTIMIZE(8,SPEED) BROWSE DEBUG OBJECTEXTEND PRINT(.\Listings\main.ls
                    -t) TABS(2) OBJECT(.\Objects\main.obj)

line level    source

   1          #include <REGX52.H>
   2          
   3          void Delay1ms(unsigned int xms)
   4          {
   5   1        unsigned char i, j;
   6   1        while(xms--)
   7   1        {
   8   2          i = 2;
   9   2          j = 239;
  10   2          do
  11   2          {
  12   3            while (--j);
  13   3          } while (--i);
  14   2        }
  15   1      }
  16          
  17          
  18          void main()
  19          {
  20   1        while(1)
  21   1        {
  22   2          P2=0xFE;//1111 1110
  23   2          Delay1ms(500);
  24   2          P2=0xFD;//1111 1101
  25   2          Delay1ms(500);
  26   2          P2=0xFB;//1111 1011
  27   2          Delay1ms(500);
  28   2          P2=0xF7;//1111 0111
  29   2          Delay1ms(500);
  30   2          P2=0xEF;//1110 1111
  31   2          Delay1ms(500);
  32   2          P2=0xDF;//1101 1111
  33   2          Delay1ms(500);
  34   2          P2=0xBF;//1011 1111
  35   2          Delay1ms(500);
  36   2          P2=0x7F;//0111 1111
  37   2          Delay1ms(500);
  38   2          P2=0xBF;//1011 1111
  39   2          Delay1ms(500);
  40   2          P2=0xDF;//1101 1111
  41   2          Delay1ms(500);
  42   2          P2=0xEF;//1110 1111
  43   2          Delay1ms(500);
  44   2          P2=0xF7;//1111 0111
  45   2          Delay1ms(500);
  46   2          P2=0xFB;//1111 1011
  47   2          Delay1ms(500);
  48   2          P2=0xFD;//1111 1101
  49   2          Delay1ms(500);
  50   2          P2=0xFE;//1111 1110
  51   2          Delay1ms(500);
  52   2          P2=0x00;//0000 0000
  53   2          Delay1ms(1000);
  54   2        }
C51 COMPILER V9.54   MAIN                                                                  11/21/2023 18:23:23 PAGE 2   

  55   1      }


MODULE INFORMATION:   STATIC OVERLAYABLE
   CODE SIZE        =    126    ----
   CONSTANT SIZE    =   ----    ----
   XDATA SIZE       =   ----    ----
   PDATA SIZE       =   ----    ----
   DATA SIZE        =   ----    ----
   IDATA SIZE       =   ----    ----
   BIT SIZE         =   ----    ----
END OF MODULE INFORMATION.


C51 COMPILATION COMPLETE.  0 WARNING(S),  0 ERROR(S)
