C51 COMPILER V9.54   MAIN                                                                  11/21/2023 23:36:35 PAGE 1   


C51 COMPILER V9.54, COMPILATION OF MODULE MAIN
OBJECT MODULE PLACED IN .\Objects\main.obj
COMPILER INVOKED BY: D:\keil\C51\BIN\C51.EXE main.c OPTIMIZE(8,SPEED) BROWSE DEBUG OBJECTEXTEND PRINT(.\Listings\main.ls
                    -t) TABS(2) OBJECT(.\Objects\main.obj)

line level    source

   1          #include <REGX52.H>
   2          #include "delay.h"
   3          #include "nixie.h"
   4          
   5          
   6          void main()
   7          {
   8   1        int a,b,c,d,e,f,g,h;
   9   1        a=7,b=2,c=9,d=0,e=4,f=0,g=0,h=2;
  10   1        while(1)
  11   1        {
  12   2          Nixie(1,h);
  13   2          Nixie(2,g);
  14   2          Nixie(3,f);
  15   2          Nixie(4,e);
  16   2          Nixie(5,d);
  17   2          Nixie(6,c);
  18   2          Nixie(7,b);
  19   2          Nixie(8,a);
  20   2          if((P3_0==0&&P3_1==0)||(P3_0==0&&P3_3==0))    //k1k2加 右k2k4加
  21   2            {
  22   3              Delay(20);
  23   3              while((P3_0==0&&P3_1==0)||(P3_0==0&&P3_3==0));
  24   3              Delay(20);
  25   3              a++;
  26   3            }
  27   2            if(a>9)
  28   2            {
  29   3              a=0;
  30   3              b++;
  31   3            } 
  32   2            else if(b>9)
  33   2            {
  34   3              b=0;
  35   3              c++;
  36   3            }       
  37   2            else if(c>9)
  38   2            {
  39   3              c=0;
  40   3              d++;
  41   3            } 
  42   2            else if(d>9)
  43   2            {
  44   3              d=0;
  45   3              e++;
  46   3            } 
  47   2            else if(e>9)
  48   2            {
  49   3              e=0;
  50   3              f++;
  51   3            } 
  52   2            else if(f>9)
  53   2            {
  54   3              f=0;
C51 COMPILER V9.54   MAIN                                                                  11/21/2023 23:36:35 PAGE 2   

  55   3              g++;
  56   3            } 
  57   2            else if(g>9)
  58   2            {
  59   3              g=0;
  60   3              h++;
  61   3            } 
  62   2            else if(h>9)
  63   2            {
  64   3              h=0;
  65   3            } 
  66   2      
  67   2            
  68   2          if(P3_2==0&&P3_3==0)     //k3k4减
  69   2          
  70   2            {
  71   3              Delay(20);
  72   3              while(P3_2==0&&P3_3==0);
  73   3              Delay(20);
  74   3              a--;
  75   3            }
  76   2            else if(a<0)
  77   2            {
  78   3              a=9;
  79   3              b--;
  80   3            } 
  81   2            else if(b<0)
  82   2            {
  83   3              b=9;
  84   3              c--;
  85   3            }       
  86   2            else if(c<0)
  87   2            {
  88   3              c=9;
  89   3              d--;
  90   3            } 
  91   2            else if(d<0)
  92   2            {
  93   3              d=9;
  94   3              e--;
  95   3            } 
  96   2            else if(e<0)
  97   2            {
  98   3              e=9;
  99   3              f--;
 100   3            } 
 101   2            else if(f<0)
 102   2            {
 103   3              f=9;
 104   3              g--;
 105   3            } 
 106   2            else if(g<0)
 107   2            {
 108   3              g=9;
 109   3              h--;
 110   3            } 
 111   2            else if(h<0)
 112   2            {
 113   3              h=0;
 114   3            } 
 115   2          
 116   2      
C51 COMPILER V9.54   MAIN                                                                  11/21/2023 23:36:35 PAGE 3   

 117   2          //k1k2和k3k4结束
 118   2          
 119   2          if(P3_1==0&&P3_2==0)  //左k1k3加
 120   2            {
 121   3              Delay(20);
 122   3              while(P3_1==0&&P3_2==0);
 123   3              Delay(20);
 124   3              e++;
 125   3            }
 126   2            if(e>9)
 127   2            {
 128   3              e=0;
 129   3              f++;
 130   3            } 
 131   2            else if(f>9)
 132   2            {
 133   3              f=0;
 134   3              g++;
 135   3            } 
 136   2            else if(g>9)
 137   2            {
 138   3              g=0;
 139   3              h++;
 140   3            } 
 141   2            else if(h>9)
 142   2            {
 143   3              h=0;
 144   3            } 
 145   2          
 146   2            
 147   2            
 148   2          if(P3_1==0&&P3_3==0)   //k1k4左减
 149   2            {
 150   3              Delay(20);
 151   3              while(P3_1==0&&P3_3==0);
 152   3              Delay(20);
 153   3              e--;
 154   3            }
 155   2            if(e<0)
 156   2            {
 157   3              e=9;
 158   3              f--;
 159   3            } 
 160   2            else if(f<0)
 161   2            {
 162   3              f=9;
 163   3              g--;
 164   3            } 
 165   2            else if(g<0)
 166   2            {
 167   3              g=9;
 168   3              h--;
 169   3            } 
 170   2            else if(h<0)
 171   2            {
 172   3              h=0;
 173   3            } 
 174   2        }
 175   1      }


MODULE INFORMATION:   STATIC OVERLAYABLE
C51 COMPILER V9.54   MAIN                                                                  11/21/2023 23:36:35 PAGE 4   

   CODE SIZE        =    872    ----
   CONSTANT SIZE    =   ----    ----
   XDATA SIZE       =   ----    ----
   PDATA SIZE       =   ----    ----
   DATA SIZE        =   ----      16
   IDATA SIZE       =   ----    ----
   BIT SIZE         =   ----    ----
END OF MODULE INFORMATION.


C51 COMPILATION COMPLETE.  0 WARNING(S),  0 ERROR(S)
