C51 COMPILER V9.54   MAIN                                                                  11/21/2023 19:44:14 PAGE 1   


C51 COMPILER V9.54, COMPILATION OF MODULE MAIN
OBJECT MODULE PLACED IN .\Objects\main.obj
COMPILER INVOKED BY: D:\keil\C51\BIN\C51.EXE main.c OPTIMIZE(8,SPEED) BROWSE DEBUG OBJECTEXTEND PRINT(.\Listings\main.ls
                    -t) TABS(2) OBJECT(.\Objects\main.obj)

line level    source

   1          #include <REGX52.H>
   2          #include "delay.h"
   3          
   4          void main()
   5          {
   6   1        while(1)
   7   1        {
   8   2          P2=0xFE;//1111 1110
   9   2          Delay(500);
  10   2          P2=0xFD;//1111 1101
  11   2          Delay(500);
  12   2          P2=0xFB;//1111 1011
  13   2          Delay(500);
  14   2          P2=0xF7;//1111 0111
  15   2          Delay(500);
  16   2          P2=0xEF;//1110 1111
  17   2          Delay(500);
  18   2          P2=0xDF;//1101 1111
  19   2          Delay(500);
  20   2          P2=0xBF;//1011 1111
  21   2          Delay(500);
  22   2          P2=0x7F;//0111 1111
  23   2          Delay(500);
  24   2          P2=0xBF;//1011 1111
  25   2          Delay(500);
  26   2          P2=0xDF;//1101 1111
  27   2          Delay(500);
  28   2          P2=0xEF;//1110 1111
  29   2          Delay(500);
  30   2          P2=0xF7;//1111 0111
  31   2          Delay(500);
  32   2          P2=0xFB;//1111 1011
  33   2          Delay(500);
  34   2          P2=0xFD;//1111 1101
  35   2          Delay(500);
  36   2          P2=0xFE;//1111 1110
  37   2          Delay(500);
  38   2          P2=0x00;//0000 0000
  39   2          Delay(1000);
  40   2        }
  41   1      }


MODULE INFORMATION:   STATIC OVERLAYABLE
   CODE SIZE        =    163    ----
   CONSTANT SIZE    =   ----    ----
   XDATA SIZE       =   ----    ----
   PDATA SIZE       =   ----    ----
   DATA SIZE        =   ----    ----
   IDATA SIZE       =   ----    ----
   BIT SIZE         =   ----    ----
END OF MODULE INFORMATION.


C51 COMPILATION COMPLETE.  0 WARNING(S),  0 ERROR(S)
