C51 COMPILER V9.54   MAIN                                                                  11/21/2023 17:22:09 PAGE 1   


C51 COMPILER V9.54, COMPILATION OF MODULE MAIN
OBJECT MODULE PLACED IN .\Objects\main.obj
COMPILER INVOKED BY: D:\keil\C51\BIN\C51.EXE main.c OPTIMIZE(8,SPEED) BROWSE DEBUG OBJECTEXTEND PRINT(.\Listings\main.ls
                    -t) TABS(2) OBJECT(.\Objects\main.obj)

line level    source

   1          #include <REGX52.H>
   2          void Delay(unsigned int xms);   //@11.0592MHz
   3          
   4          unsigned char LEDNum=0;
   5          
   6          void main()
   7          {
   8   1         P2=~0x01;
   9   1         while(1)
  10   1         {
  11   2           if(P3_1==0)
  12   2           {
  13   3              Delay(20);
  14   3              while(P3_1==0);
  15   3              Delay(20);
  16   3              
  17   3              LEDNum++;
  18   3              if(LEDNum>=8)
  19   3              {
  20   4                LEDNum=0;
  21   4              }
  22   3              P2=~(0x01<<LEDNum);
  23   3           }
  24   2           if(P3_0==0)
  25   2           {
  26   3              Delay(20);
  27   3              while(P3_0==0);
  28   3              Delay(20);
  29   3              
  30   3              if(LEDNum==0)
  31   3              {
  32   4                LEDNum=7;
  33   4              }
  34   3              else
  35   3              {
  36   4                LEDNum--;
  37   4              }
  38   3                P2=~(0x01<<LEDNum);
  39   3              } 
  40   2           }
  41   1         }
  42          void Delay(unsigned int xms)
  43          {
  44   1        unsigned char i, j;
  45   1        while(xms--)
  46   1        {
  47   2          i = 2;
  48   2          j = 239;
  49   2          do
  50   2          {
  51   3              while (--j);
  52   3          } while (--i);
  53   2        }
  54   1      }
C51 COMPILER V9.54   MAIN                                                                  11/21/2023 17:22:09 PAGE 2   

  55          
  56          
  57           


MODULE INFORMATION:   STATIC OVERLAYABLE
   CODE SIZE        =    109    ----
   CONSTANT SIZE    =   ----    ----
   XDATA SIZE       =   ----    ----
   PDATA SIZE       =   ----    ----
   DATA SIZE        =      1    ----
   IDATA SIZE       =   ----    ----
   BIT SIZE         =   ----    ----
END OF MODULE INFORMATION.


C51 COMPILATION COMPLETE.  0 WARNING(S),  0 ERROR(S)
